# JRE version: OpenJDK Runtime Environment Temurin-21.0.8+9 (21.0.8+9) (build 21.0.8+9-LTS)
# Java VM: OpenJDK 64-Bit Server VM Temurin-21.0.8+9 (21.0.8+9-LTS, mixed mode, sharing, tiered, compressed oops, compressed class ptrs, parallel gc, windows-amd64)
GC Precious Log:
 CardTable entry size: 512
 CPUs: 4 total, 4 available
 Memory: 8073M
 Large Page Support: Disabled
 NUMA Support: Disabled
 Compressed Oops: Enabled (32-bit)
 Alignments: Space 512K, Generation 512K, Heap 2M
 Heap Min Capacity: 100M
 Heap Initial Capacity: 100M
 Heap Max Capacity: 2G
 Pre-touch: Disabled
 Parallel Workers: 4
Heap:
 PSYoungGen      total 11264K, used 3238K [0x00000000d5580000, 0x00000000d6980000, 0x0000000100000000)
  eden space 10752K, 27% used [0x00000000d5580000,0x00000000d5869a80,0x00000000d6000000)
  from space 512K, 50% used [0x00000000d6000000,0x00000000d6040000,0x00000000d6080000)
  to   space 3072K, 0% used [0x00000000d6680000,0x00000000d6680000,0x00000000d6980000)
 ParOldGen       total 787968K, used 787886K [0x0000000080000000, 0x00000000b0180000, 0x00000000d5580000)
  object space 787968K, 99% used [0x0000000080000000,0x00000000b016bb90,0x00000000b0180000)
 Metaspace       used 77368K, committed 78912K, reserved 1179648K
  class space    used 9464K, committed 10112K, reserved 1048576K
GC Heap History (20 events):
Event: 164.272 GC heap before
{Heap before GC invocations=2561 (full 4):
 PSYoungGen      total 3072K, used 2048K [0x00000000d5580000, 0x00000000d5f80000, 0x0000000100000000)
  eden space 1536K, 100% used [0x00000000d5580000,0x00000000d5700000,0x00000000d5700000)
  from space 1536K, 33% used [0x00000000d5c80000,0x00000000d5d00008,0x00000000d5e00000)
  to   space 1024K, 0% used [0x00000000d5e80000,0x00000000d5e80000,0x00000000d5f80000)
 ParOldGen       total 763904K, used 763671K [0x0000000080000000, 0x00000000aea00000, 0x00000000d5580000)
  object space 763904K, 99% used [0x0000000080000000,0x00000000ae9c5eb0,0x00000000aea00000)
 Metaspace       used 76351K, committed 77888K, reserved 1179648K
  class space    used 9332K, committed 9984K, reserved 1048576K
}
Event: 164.275 GC heap after
{Heap after GC invocations=2561 (full 4):
 PSYoungGen      total 3072K, used 874K [0x00000000d5580000, 0x00000000d5f80000, 0x0000000100000000)
  eden space 2048K, 0% used [0x00000000d5580000,0x00000000d5580000,0x00000000d5780000)
  from space 1024K, 85% used [0x00000000d5e80000,0x00000000d5f5ab80,0x00000000d5f80000)
  to   space 1024K, 0% used [0x00000000d5d80000,0x00000000d5d80000,0x00000000d5e80000)
 ParOldGen       total 764416K, used 764136K [0x0000000080000000, 0x00000000aea80000, 0x00000000d5580000)
  object space 764416K, 99% used [0x0000000080000000,0x00000000aea3a088,0x00000000aea80000)
 Metaspace       used 76351K, committed 77888K, reserved 1179648K
  class space    used 9332K, committed 9984K, reserved 1048576K
}
Event: 164.280 GC heap before
{Heap before GC invocations=2562 (full 4):
 PSYoungGen      total 3072K, used 2922K [0x00000000d5580000, 0x00000000d5f80000, 0x0000000100000000)
  eden space 2048K, 100% used [0x00000000d5580000,0x00000000d5780000,0x00000000d5780000)
  from space 1024K, 85% used [0x00000000d5e80000,0x00000000d5f5ab80,0x00000000d5f80000)
  to   space 1024K, 0% used [0x00000000d5d80000,0x00000000d5d80000,0x00000000d5e80000)
 ParOldGen       total 764416K, used 764136K [0x0000000080000000, 0x00000000aea80000, 0x00000000d5580000)
  object space 764416K, 99% used [0x0000000080000000,0x00000000aea3a088,0x00000000aea80000)
 Metaspace       used 76351K, committed 77888K, reserved 1179648K
  class space    used 9332K, committed 9984K, reserved 1048576K
}
Event: 164.284 GC heap after
{Heap after GC invocations=2562 (full 4):
 PSYoungGen      total 3584K, used 994K [0x00000000d5580000, 0x00000000d5f00000, 0x0000000100000000)
  eden space 2560K, 0% used [0x00000000d5580000,0x00000000d5580000,0x00000000d5800000)
  from space 1024K, 97% used [0x00000000d5d80000,0x00000000d5e78b48,0x00000000d5e80000)
  to   space 512K, 0% used [0x00000000d5e80000,0x00000000d5e80000,0x00000000d5f00000)
 ParOldGen       total 765440K, used 765422K [0x0000000080000000, 0x00000000aeb80000, 0x00000000d5580000)
  object space 765440K, 99% used [0x0000000080000000,0x00000000aeb7b8c0,0x00000000aeb80000)
 Metaspace       used 76351K, committed 77888K, reserved 1179648K
  class space    used 9332K, committed 9984K, reserved 1048576K
}
Event: 164.310 GC heap before
{Heap before GC invocations=2563 (full 4):
 PSYoungGen      total 3584K, used 3554K [0x00000000d5580000, 0x00000000d5f00000, 0x0000000100000000)
  eden space 2560K, 100% used [0x00000000d5580000,0x00000000d5800000,0x00000000d5800000)
  from space 1024K, 97% used [0x00000000d5d80000,0x00000000d5e78b48,0x00000000d5e80000)
  to   space 512K, 0% used [0x00000000d5e80000,0x00000000d5e80000,0x00000000d5f00000)
 ParOldGen       total 765440K, used 765422K [0x0000000080000000, 0x00000000aeb80000, 0x00000000d5580000)
  object space 765440K, 99% used [0x0000000080000000,0x00000000aeb7b8c0,0x00000000aeb80000)
 Metaspace       used 76351K, committed 77888K, reserved 1179648K
  class space    used 9332K, committed 9984K, reserved 1048576K
}
Event: 164.314 GC heap after
{Heap after GC invocations=2563 (full 4):
 PSYoungGen      total 3584K, used 502K [0x00000000d5580000, 0x00000000d5f00000, 0x0000000100000000)
  eden space 3072K, 0% used [0x00000000d5580000,0x00000000d5580000,0x00000000d5880000)
  from space 512K, 98% used [0x00000000d5e80000,0x00000000d5efd810,0x00000000d5f00000)
  to   space 2048K, 0% used [0x00000000d5b00000,0x00000000d5b00000,0x00000000d5d00000)
 ParOldGen       total 766976K, used 766834K [0x0000000080000000, 0x00000000aed00000, 0x00000000d5580000)
  object space 766976K, 99% used [0x0000000080000000,0x00000000aecdcb70,0x00000000aed00000)
 Metaspace       used 76351K, committed 77888K, reserved 1179648K
  class space    used 9332K, committed 9984K, reserved 1048576K
}
Event: 164.324 GC heap before
{Heap before GC invocations=2564 (full 4):
 PSYoungGen      total 3584K, used 3574K [0x00000000d5580000, 0x00000000d5f00000, 0x0000000100000000)
  eden space 3072K, 100% used [0x00000000d5580000,0x00000000d5880000,0x00000000d5880000)
  from space 512K, 98% used [0x00000000d5e80000,0x00000000d5efd810,0x00000000d5f00000)
  to   space 2048K, 0% used [0x00000000d5b00000,0x00000000d5b00000,0x00000000d5d00000)
 ParOldGen       total 766976K, used 766834K [0x0000000080000000, 0x00000000aed00000, 0x00000000d5580000)
  object space 766976K, 99% used [0x0000000080000000,0x00000000aecdcb70,0x00000000aed00000)
 Metaspace       used 76351K, committed 77888K, reserved 1179648K
  class space    used 9332K, committed 9984K, reserved 1048576K
}
Event: 164.328 GC heap after
{Heap after GC invocations=2564 (full 4):
 PSYoungGen      total 6144K, used 1418K [0x00000000d5580000, 0x00000000d5f00000, 0x0000000100000000)
  eden space 4096K, 0% used [0x00000000d5580000,0x00000000d5580000,0x00000000d5980000)
  from space 2048K, 69% used [0x00000000d5b00000,0x00000000d5c628a0,0x00000000d5d00000)
  to   space 2048K, 0% used [0x00000000d5d00000,0x00000000d5d00000,0x00000000d5f00000)
 ParOldGen       total 767488K, used 767361K [0x0000000080000000, 0x00000000aed80000, 0x00000000d5580000)
  object space 767488K, 99% used [0x0000000080000000,0x00000000aed60788,0x00000000aed80000)
 Metaspace       used 76351K, committed 77888K, reserved 1179648K
  class space    used 9332K, committed 9984K, reserved 1048576K
}
Event: 164.364 GC heap before
{Heap before GC invocations=2565 (full 4):
 PSYoungGen      total 6144K, used 5514K [0x00000000d5580000, 0x00000000d5f00000, 0x0000000100000000)
  eden space 4096K, 100% used [0x00000000d5580000,0x00000000d5980000,0x00000000d5980000)
  from space 2048K, 69% used [0x00000000d5b00000,0x00000000d5c628a0,0x00000000d5d00000)
  to   space 2048K, 0% used [0x00000000d5d00000,0x00000000d5d00000,0x00000000d5f00000)
 ParOldGen       total 767488K, used 767361K [0x0000000080000000, 0x00000000aed80000, 0x00000000d5580000)
  object space 767488K, 99% used [0x0000000080000000,0x00000000aed60788,0x00000000aed80000)
 Metaspace       used 76402K, committed 77952K, reserved 1179648K
  class space    used 9344K, committed 9984K, reserved 1048576K
}
Event: 164.370 GC heap after
{Heap after GC invocations=2565 (full 4):
 PSYoungGen      total 7168K, used 1934K [0x00000000d5580000, 0x00000000d5f00000, 0x0000000100000000)
  eden space 5120K, 0% used [0x00000000d5580000,0x00000000d5580000,0x00000000d5a80000)
  from space 2048K, 94% used [0x00000000d5d00000,0x00000000d5ee3970,0x00000000d5f00000)
  to   space 2048K, 0% used [0x00000000d5b00000,0x00000000d5b00000,0x00000000d5d00000)
 ParOldGen       total 768000K, used 767740K [0x0000000080000000, 0x00000000aee00000, 0x00000000d5580000)
  object space 768000K, 99% used [0x0000000080000000,0x00000000aedbf148,0x00000000aee00000)
 Metaspace       used 76402K, committed 77952K, reserved 1179648K
  class space    used 9344K, committed 9984K, reserved 1048576K
}
Event: 164.468 GC heap before
{Heap before GC invocations=2566 (full 4):
 PSYoungGen      total 7168K, used 7050K [0x00000000d5580000, 0x00000000d5f00000, 0x0000000100000000)
  eden space 5120K, 99% used [0x00000000d5580000,0x00000000d5a7f068,0x00000000d5a80000)
  from space 2048K, 94% used [0x00000000d5d00000,0x00000000d5ee3970,0x00000000d5f00000)
  to   space 2048K, 0% used [0x00000000d5b00000,0x00000000d5b00000,0x00000000d5d00000)
 ParOldGen       total 768000K, used 767740K [0x0000000080000000, 0x00000000aee00000, 0x00000000d5580000)
  object space 768000K, 99% used [0x0000000080000000,0x00000000aedbf148,0x00000000aee00000)
 Metaspace       used 76412K, committed 77952K, reserved 1179648K
  class space    used 9344K, committed 9984K, reserved 1048576K
}
Event: 164.476 GC heap after
{Heap after GC invocations=2566 (full 4):
 PSYoungGen      total 7680K, used 2033K [0x00000000d5580000, 0x00000000d6a80000, 0x0000000100000000)
  eden space 5632K, 0% used [0x00000000d5580000,0x00000000d5580000,0x00000000d5b00000)
  from space 2048K, 99% used [0x00000000d5b00000,0x00000000d5cfc5a8,0x00000000d5d00000)
  to   space 7680K, 0% used [0x00000000d6300000,0x00000000d6300000,0x00000000d6a80000)
 ParOldGen       total 772608K, used 772501K [0x0000000080000000, 0x00000000af280000, 0x00000000d5580000)
  object space 772608K, 99% used [0x0000000080000000,0x00000000af2655a0,0x00000000af280000)
 Metaspace       used 76412K, committed 77952K, reserved 1179648K
  class space    used 9344K, committed 9984K, reserved 1048576K
}
Event: 164.546 GC heap before
{Heap before GC invocations=2567 (full 4):
 PSYoungGen      total 7680K, used 7665K [0x00000000d5580000, 0x00000000d6a80000, 0x0000000100000000)
  eden space 5632K, 100% used [0x00000000d5580000,0x00000000d5b00000,0x00000000d5b00000)
  from space 2048K, 99% used [0x00000000d5b00000,0x00000000d5cfc5a8,0x00000000d5d00000)
  to   space 7680K, 0% used [0x00000000d6300000,0x00000000d6300000,0x00000000d6a80000)
 ParOldGen       total 772608K, used 772501K [0x0000000080000000, 0x00000000af280000, 0x00000000d5580000)
  object space 772608K, 99% used [0x0000000080000000,0x00000000af2655a0,0x00000000af280000)
 Metaspace       used 76499K, committed 78080K, reserved 1179648K
  class space    used 9353K, committed 10048K, reserved 1048576K
}
Event: 164.553 GC heap after
{Heap after GC invocations=2567 (full 4):
 PSYoungGen      total 11776K, used 4483K [0x00000000d5580000, 0x00000000d6780000, 0x0000000100000000)
  eden space 7168K, 0% used [0x00000000d5580000,0x00000000d5580000,0x00000000d5c80000)
  from space 4608K, 97% used [0x00000000d6300000,0x00000000d6760c10,0x00000000d6780000)
  to   space 5632K, 0% used [0x00000000d5c80000,0x00000000d5c80000,0x00000000d6200000)
 ParOldGen       total 774656K, used 774555K [0x0000000080000000, 0x00000000af480000, 0x00000000d5580000)
  object space 774656K, 99% used [0x0000000080000000,0x00000000af466e28,0x00000000af480000)
 Metaspace       used 76499K, committed 78080K, reserved 1179648K
  class space    used 9353K, committed 10048K, reserved 1048576K
}
Event: 164.585 GC heap before
{Heap before GC invocations=2568 (full 4):
 PSYoungGen      total 11776K, used 11651K [0x00000000d5580000, 0x00000000d6780000, 0x0000000100000000)
  eden space 7168K, 100% used [0x00000000d5580000,0x00000000d5c80000,0x00000000d5c80000)
  from space 4608K, 97% used [0x00000000d6300000,0x00000000d6760c10,0x00000000d6780000)
  to   space 5632K, 0% used [0x00000000d5c80000,0x00000000d5c80000,0x00000000d6200000)
 ParOldGen       total 774656K, used 774555K [0x0000000080000000, 0x00000000af480000, 0x00000000d5580000)
  object space 774656K, 99% used [0x0000000080000000,0x00000000af466e28,0x00000000af480000)
 Metaspace       used 76507K, committed 78080K, reserved 1179648K
  class space    used 9353K, committed 10048K, reserved 1048576K
}
Event: 164.596 GC heap after
{Heap after GC invocations=2568 (full 4):
 PSYoungGen      total 12800K, used 5602K [0x00000000d5580000, 0x00000000d7400000, 0x0000000100000000)
  eden space 7168K, 0% used [0x00000000d5580000,0x00000000d5580000,0x00000000d5c80000)
  from space 5632K, 99% used [0x00000000d5c80000,0x00000000d61f8a10,0x00000000d6200000)
  to   space 11264K, 0% used [0x00000000d6900000,0x00000000d6900000,0x00000000d7400000)
 ParOldGen       total 779264K, used 779107K [0x0000000080000000, 0x00000000af900000, 0x00000000d5580000)
  object space 779264K, 99% used [0x0000000080000000,0x00000000af8d8dc0,0x00000000af900000)
 Metaspace       used 76507K, committed 78080K, reserved 1179648K
  class space    used 9353K, committed 10048K, reserved 1048576K
}
Event: 164.615 GC heap before
{Heap before GC invocations=2569 (full 4):
 PSYoungGen      total 12800K, used 12770K [0x00000000d5580000, 0x00000000d7400000, 0x0000000100000000)
  eden space 7168K, 100% used [0x00000000d5580000,0x00000000d5c80000,0x00000000d5c80000)
  from space 5632K, 99% used [0x00000000d5c80000,0x00000000d61f8a10,0x00000000d6200000)
  to   space 11264K, 0% used [0x00000000d6900000,0x00000000d6900000,0x00000000d7400000)
 ParOldGen       total 779264K, used 779107K [0x0000000080000000, 0x00000000af900000, 0x00000000d5580000)
  object space 779264K, 99% used [0x0000000080000000,0x00000000af8d8dc0,0x00000000af900000)
 Metaspace       used 76508K, committed 78080K, reserved 1179648K
  class space    used 9353K, committed 10048K, reserved 1048576K
}
Event: 164.628 GC heap after
{Heap after GC invocations=2569 (full 4):
 PSYoungGen      total 15872K, used 7010K [0x00000000d5580000, 0x00000000d7000000, 0x0000000100000000)
  eden space 8704K, 0% used [0x00000000d5580000,0x00000000d5580000,0x00000000d5e00000)
  from space 7168K, 97% used [0x00000000d6900000,0x00000000d6fd8b70,0x00000000d7000000)
  to   space 8192K, 0% used [0x00000000d6000000,0x00000000d6000000,0x00000000d6800000)
 ParOldGen       total 784896K, used 784680K [0x0000000080000000, 0x00000000afe80000, 0x00000000d5580000)
  object space 784896K, 99% used [0x0000000080000000,0x00000000afe4a2f0,0x00000000afe80000)
 Metaspace       used 76508K, committed 78080K, reserved 1179648K
  class space    used 9353K, committed 10048K, reserved 1048576K
}
Event: 377.477 GC heap before
{Heap before GC invocations=2570 (full 4):
 PSYoungGen      total 15872K, used 15714K [0x00000000d5580000, 0x00000000d7000000, 0x0000000100000000)
  eden space 8704K, 99% used [0x00000000d5580000,0x00000000d5dfff60,0x00000000d5e00000)
  from space 7168K, 97% used [0x00000000d6900000,0x00000000d6fd8b70,0x00000000d7000000)
  to   space 8192K, 0% used [0x00000000d6000000,0x00000000d6000000,0x00000000d6800000)
 ParOldGen       total 784896K, used 784680K [0x0000000080000000, 0x00000000afe80000, 0x00000000d5580000)
  object space 784896K, 99% used [0x0000000080000000,0x00000000afe4a2f0,0x00000000afe80000)
 Metaspace       used 76992K, committed 78528K, reserved 1179648K
  class space    used 9420K, committed 10048K, reserved 1048576K
}
Event: 377.483 GC heap after
{Heap after GC invocations=2570 (full 4):
 PSYoungGen      total 11264K, used 256K [0x00000000d5580000, 0x00000000d6980000, 0x0000000100000000)
  eden space 10752K, 0% used [0x00000000d5580000,0x00000000d5580000,0x00000000d6000000)
  from space 512K, 50% used [0x00000000d6000000,0x00000000d6040000,0x00000000d6080000)
  to   space 3072K, 0% used [0x00000000d6680000,0x00000000d6680000,0x00000000d6980000)
 ParOldGen       total 787968K, used 787886K [0x0000000080000000, 0x00000000b0180000, 0x00000000d5580000)
  object space 787968K, 99% used [0x0000000080000000,0x00000000b016bb90,0x00000000b0180000)
 Metaspace       used 76992K, committed 78528K, reserved 1179648K
  class space    used 9420K, committed 10048K, reserved 1048576K
}

